2025-04-17 08:09:46,350 - INFO - pdfminer.six found, will be used for PDF extraction.
2025-04-17 08:09:46,350 - INFO - Pandas found, will be used for CSV/Excel extraction.
2025-04-17 08:09:46,351 - INFO - openpyxl found, enabling Pandas .xlsx support.
2025-04-17 08:09:46,351 - INFO - python-docx found, will be used for DOCX extraction.
2025-04-17 08:09:46,351 - INFO - Playwright fallback enabled and library found. Ensure browsers are installed (`playwright install`).
2025-04-17 08:09:46,351 - INFO - Attempting to fetch robots.txt from: https://help.autodesk.com/robots.txt
2025-04-17 08:09:46,577 - WARNING - robots.txt not found at https://help.autodesk.com/robots.txt (HTTP 404). Assuming allowed.
2025-04-17 08:09:46,578 - INFO - --- Starting scrape process for: https://help.autodesk.com/view/fusion360/ENU/?guid=GUID-C1545D80-D804-4CF3-886D-9B5C54B2D7A2 ---
2025-04-17 08:09:46,580 - INFO - Attempting initial fetch (requests): https://help.autodesk.com/view/fusion360/ENU/?guid=GUID-C1545D80-D804-4CF3-886D-9B5C54B2D7A2
2025-04-17 08:09:46,580 - INFO - Fetching (requests): https://help.autodesk.com/view/fusion360/ENU/?guid=GUID-C1545D80-D804-4CF3-886D-9B5C54B2D7A2
2025-04-17 08:09:46,852 - INFO - Successfully fetched (requests): https://help.autodesk.com/view/fusion360/ENU/?guid=GUID-C1545D80-D804-4CF3-886D-9B5C54B2D7A2 (Status: 200)
2025-04-17 08:09:48,853 - INFO - Initial fetch successful (requests). Content length: 6607
2025-04-17 08:09:48,856 - INFO - Attempting to extract content by sections...
2025-04-17 08:09:48,857 - WARNING - Could not find main content area using provided selectors. Cannot extract sections.
2025-04-17 08:09:48,857 - ERROR - Could not find main content area to extract sections.
2025-04-17 08:09:48,858 - INFO - Finding potential supporting document links...
2025-04-17 08:09:48,859 - INFO - Found 0 unique supporting document links matching criteria.
2025-04-17 08:09:48,859 - INFO - --- Finished processing supporting documents ---
2025-04-17 08:09:48,861 - INFO - Saved JSON: scraped_docs\help.autodesk.com_view_20250417_080946\index.json
2025-04-17 08:09:48,864 - INFO - Saved JSON: scraped_docs\help.autodesk.com_view_20250417_080946\embedding_source.json
